Using pre-set license
Built from '2020.3/staging' branch; Version is '2020.3.26f1 (7298b473bc1a) revision 7510196'; Using compiler version '192528614'; Build Type 'Release'
OS: 'Windows 10  (10.0.19044) 64bit CoreSingleLanguage' Language: 'en' Physical Memory: 8015 MB
BatchMode: 1, IsHumanControllingUs: 0, StartBugReporterOnCrash: 0, Is64bit: 1, IsPro: 0

COMMAND LINE ARGUMENTS:
C:\Program Files\Unity\Hub\Editor\2020.3.26f1\Editor\Unity.exe
-adb2
-batchMode
-noUpm
-name
AssetImportWorker0
-projectPath
C:/Users/USER/Documents/Unity Projects/The Border
-logFile
Logs/AssetImportWorker0.log
-srvPort
64135
Successfully changed project path to: C:/Users/USER/Documents/Unity Projects/The Border
C:/Users/USER/Documents/Unity Projects/The Border
Using Asset Import Pipeline V2.
Refreshing native plugins compatible for Editor in 71.74 ms, found 1 plugins.
Preloading 0 native plugins for Editor in 0.00 ms.
Initialize engine version: 2020.3.26f1 (7298b473bc1a)
[Subsystems] Discovering subsystems at path C:/Program Files/Unity/Hub/Editor/2020.3.26f1/Editor/Data/Resources/UnitySubsystems
[Subsystems] Discovering subsystems at path C:/Users/USER/Documents/Unity Projects/The Border/Assets
GfxDevice: creating device client; threaded=0
Direct3D:
    Version:  Direct3D 11.0 [level 11.1]
    Renderer: Intel(R) UHD Graphics (ID=0x9b41)
    Vendor:   
    VRAM:     4007 MB
    Driver:   30.0.100.9805
Initialize mono
Mono path[0] = 'C:/Program Files/Unity/Hub/Editor/2020.3.26f1/Editor/Data/Managed'
Mono path[1] = 'C:/Program Files/Unity/Hub/Editor/2020.3.26f1/Editor/Data/MonoBleedingEdge/lib/mono/unityjit'
Mono config path = 'C:/Program Files/Unity/Hub/Editor/2020.3.26f1/Editor/Data/MonoBleedingEdge/etc'
Using monoOptions --debugger-agent=transport=dt_socket,embedding=1,server=y,suspend=n,address=127.0.0.1:56600
Begin MonoManager ReloadAssembly
Registering precompiled unity dll's ...
Register platform support module: C:/Program Files/Unity/Hub/Editor/2020.3.26f1/Editor/Data/PlaybackEngines/WindowsStandaloneSupport/UnityEditor.WindowsStandalone.Extensions.dll
Registered in 0.003859 seconds.
Native extension for WindowsStandalone target not found
Refreshing native plugins compatible for Editor in 117.24 ms, found 1 plugins.
Preloading 0 native plugins for Editor in 0.00 ms.
Mono: successfully reloaded assembly
- Completed reload, in  1.136 seconds
Domain Reload Profiling:
	ReloadAssembly (1136ms)
		BeginReloadAssembly (114ms)
			ExecutionOrderSort (0ms)
			DisableScriptedObjects (0ms)
			BackupInstance (0ms)
			ReleaseScriptingObjects (0ms)
			CreateAndSetChildDomain (1ms)
		EndReloadAssembly (906ms)
			LoadAssemblies (112ms)
			RebuildTransferFunctionScriptingTraits (0ms)
			SetupTypeCache (366ms)
			ReleaseScriptCaches (0ms)
			RebuildScriptCaches (43ms)
			SetupLoadedEditorAssemblies (323ms)
				LogAssemblyErrors (0ms)
				InitializePlatformSupportModulesInManaged (8ms)
				SetLoadedEditorAssemblies (0ms)
				RefreshPlugins (117ms)
				BeforeProcessingInitializeOnLoad (29ms)
				ProcessInitializeOnLoadAttributes (129ms)
				ProcessInitializeOnLoadMethodAttributes (39ms)
				AfterProcessingInitializeOnLoad (0ms)
				EditorAssembliesLoaded (0ms)
			ExecutionOrderSort2 (0ms)
			AwakeInstancesAfterBackupRestoration (0ms)
Platform modules already initialized, skipping
Registering precompiled user dll's ...
Registered in 0.006499 seconds.
Begin MonoManager ReloadAssembly
Native extension for WindowsStandalone target not found
Refreshing native plugins compatible for Editor in 214.78 ms, found 1 plugins.
Preloading 0 native plugins for Editor in 0.00 ms.
Mono: successfully reloaded assembly
- Completed reload, in  3.847 seconds
Domain Reload Profiling:
	ReloadAssembly (3849ms)
		BeginReloadAssembly (311ms)
			ExecutionOrderSort (0ms)
			DisableScriptedObjects (8ms)
			BackupInstance (0ms)
			ReleaseScriptingObjects (0ms)
			CreateAndSetChildDomain (27ms)
		EndReloadAssembly (3377ms)
			LoadAssemblies (275ms)
			RebuildTransferFunctionScriptingTraits (0ms)
			SetupTypeCache (521ms)
			ReleaseScriptCaches (1ms)
			RebuildScriptCaches (107ms)
			SetupLoadedEditorAssemblies (2176ms)
				LogAssemblyErrors (0ms)
				InitializePlatformSupportModulesInManaged (15ms)
				SetLoadedEditorAssemblies (1ms)
				RefreshPlugins (215ms)
				BeforeProcessingInitializeOnLoad (308ms)
				ProcessInitializeOnLoadAttributes (925ms)
				ProcessInitializeOnLoadMethodAttributes (700ms)
				AfterProcessingInitializeOnLoad (12ms)
				EditorAssembliesLoaded (0ms)
			ExecutionOrderSort2 (0ms)
			AwakeInstancesAfterBackupRestoration (7ms)
Platform modules already initialized, skipping
========================================================================
Worker process is ready to serve import requests
Launched and connected shader compiler UnityShaderCompiler.exe after 0.22 seconds
Refreshing native plugins compatible for Editor in 0.60 ms, found 1 plugins.
Preloading 0 native plugins for Editor in 0.00 ms.
Unloading 3037 Unused Serialized files (Serialized files now loaded: 0)
System memory in use before: 159.2 MB.
System memory in use after: 159.4 MB.

Unloading 22 unused Assets to reduce memory usage. Loaded Objects now: 3502.
Total: 5.075100 ms (FindLiveObjects: 0.312700 ms CreateObjectMapping: 0.239900 ms MarkObjects: 4.434800 ms  DeleteObjects: 0.086300 ms)

AssetImportParameters requested are different than current active one (requested -> active):
  custom:framework-win-MediaFoundation: 216162199b28c13a410421893ffa2e32 -> 
  custom:video-decoder-ogg-theora: a1e56fd34408186e4bbccfd4996cb3dc -> 
  custom:container-muxer-webm: aa71ff27fc2769a1b78a27578f13a17b -> 
  custom:container-demuxer-webm: 4f35f7cbe854078d1ac9338744f61a02 -> 
  custom:container-demuxer-ogg: 62fdf1f143b41e24485cea50d1cbac27 -> 
  custom:video-encoder-webm-vp8: eb34c28f22e8b96e1ab97ce403110664 -> 
  custom:video-decoder-webm-vp8: 9c59270c3fd7afecdb556c50c9e8de78 -> 
  custom:audio-decoder-ogg-vorbis: bf7c407c2cedff20999df2af8eb42d56 -> 
  custom:audio-encoder-webm-vorbis: bf7c407c2cedff20999df2af8eb42d56 -> 
========================================================================
Received Import Request.
  path: Assets/Scripts/GameManager.cs
  artifactKey: Guid(4650b440df5433045af5f556cb59b502) Importer(815301076,1909f56bfc062723c751e8b465ee728b)
Start importing Assets/Scripts/GameManager.cs using Guid(4650b440df5433045af5f556cb59b502) Importer(815301076,1909f56bfc062723c751e8b465ee728b)  -> (artifact id: 'df3ce85255d1b9c17140d7a4233f1cec') in 0.042541 seconds 
  Import took 0.049190 seconds .

========================================================================
Received Import Request.
  Time since last request: 388.008707 seconds.
  path: Assets/Scenes/Chapter 1.unity
  artifactKey: Guid(a401f814118c80946a89166e7da579aa) Importer(815301076,1909f56bfc062723c751e8b465ee728b)
Start importing Assets/Scenes/Chapter 1.unity using Guid(a401f814118c80946a89166e7da579aa) Importer(815301076,1909f56bfc062723c751e8b465ee728b)  -> (artifact id: '98d5677f332402dccb3706178686bcba') in 0.043897 seconds 
  Import took 0.056862 seconds .

========================================================================
Received Prepare
Registering precompiled user dll's ...
Registered in 0.005051 seconds.
Begin MonoManager ReloadAssembly
Native extension for WindowsStandalone target not found
Refreshing native plugins compatible for Editor in 1.12 ms, found 1 plugins.
Preloading 0 native plugins for Editor in 0.00 ms.
Mono: successfully reloaded assembly
- Completed reload, in  1.509 seconds
Domain Reload Profiling:
	ReloadAssembly (1510ms)
		BeginReloadAssembly (181ms)
			ExecutionOrderSort (0ms)
			DisableScriptedObjects (7ms)
			BackupInstance (0ms)
			ReleaseScriptingObjects (0ms)
			CreateAndSetChildDomain (38ms)
		EndReloadAssembly (1215ms)
			LoadAssemblies (145ms)
			RebuildTransferFunctionScriptingTraits (0ms)
			SetupTypeCache (381ms)
			ReleaseScriptCaches (1ms)
			RebuildScriptCaches (50ms)
			SetupLoadedEditorAssemblies (466ms)
				LogAssemblyErrors (0ms)
				InitializePlatformSupportModulesInManaged (7ms)
				SetLoadedEditorAssemblies (1ms)
				RefreshPlugins (1ms)
				BeforeProcessingInitializeOnLoad (123ms)
				ProcessInitializeOnLoadAttributes (186ms)
				ProcessInitializeOnLoadMethodAttributes (140ms)
				AfterProcessingInitializeOnLoad (7ms)
				EditorAssembliesLoaded (0ms)
			ExecutionOrderSort2 (0ms)
			AwakeInstancesAfterBackupRestoration (12ms)
Platform modules already initialized, skipping
Refreshing native plugins compatible for Editor in 0.59 ms, found 1 plugins.
Preloading 0 native plugins for Editor in 0.00 ms.
Unloading 2894 Unused Serialized files (Serialized files now loaded: 0)
System memory in use before: 148.8 MB.
System memory in use after: 149.0 MB.

Unloading 10 unused Assets to reduce memory usage. Loaded Objects now: 3505.
Total: 3.622700 ms (FindLiveObjects: 0.298800 ms CreateObjectMapping: 0.204400 ms MarkObjects: 3.099100 ms  DeleteObjects: 0.019100 ms)

AssetImportParameters requested are different than current active one (requested -> active):
  custom:framework-win-MediaFoundation: 216162199b28c13a410421893ffa2e32 -> 
  custom:video-decoder-ogg-theora: a1e56fd34408186e4bbccfd4996cb3dc -> 
  custom:container-muxer-webm: aa71ff27fc2769a1b78a27578f13a17b -> 
  custom:container-demuxer-webm: 4f35f7cbe854078d1ac9338744f61a02 -> 
  custom:container-demuxer-ogg: 62fdf1f143b41e24485cea50d1cbac27 -> 
  custom:video-encoder-webm-vp8: eb34c28f22e8b96e1ab97ce403110664 -> 
  custom:video-decoder-webm-vp8: 9c59270c3fd7afecdb556c50c9e8de78 -> 
  custom:audio-decoder-ogg-vorbis: bf7c407c2cedff20999df2af8eb42d56 -> 
  custom:audio-encoder-webm-vorbis: bf7c407c2cedff20999df2af8eb42d56 -> 
========================================================================
Received Import Request.
  Time since last request: 1194.129434 seconds.
  path: Assets/UI/Level UI.prefab
  artifactKey: Guid(bd0a656c349cfc846942db52bec737eb) Importer(815301076,1909f56bfc062723c751e8b465ee728b)
Start importing Assets/UI/Level UI.prefab using Guid(bd0a656c349cfc846942db52bec737eb) Importer(815301076,1909f56bfc062723c751e8b465ee728b)  -> (artifact id: 'bf330f07430ad4a1f6e664a873b6279f') in 0.074189 seconds 
  Import took 0.081707 seconds .

========================================================================
Received Import Request.
  Time since last request: 5.260981 seconds.
  path: Assets/UI/Level UI.prefab
  artifactKey: Guid(bd0a656c349cfc846942db52bec737eb) Importer(815301076,1909f56bfc062723c751e8b465ee728b)
Start importing Assets/UI/Level UI.prefab using Guid(bd0a656c349cfc846942db52bec737eb) Importer(815301076,1909f56bfc062723c751e8b465ee728b)  -> (artifact id: '7e27516cb4d9def400e7e680deeffddc') in 0.023230 seconds 
  Import took 0.033205 seconds .

========================================================================
Received Import Request.
  Time since last request: 10.072278 seconds.
  path: Assets/UI/Level UI.prefab
  artifactKey: Guid(bd0a656c349cfc846942db52bec737eb) Importer(815301076,1909f56bfc062723c751e8b465ee728b)
Start importing Assets/UI/Level UI.prefab using Guid(bd0a656c349cfc846942db52bec737eb) Importer(815301076,1909f56bfc062723c751e8b465ee728b)  -> (artifact id: 'd6b3ad6272bda4adc9fc66974eba09d8') in 0.019571 seconds 
  Import took 0.029101 seconds .

========================================================================
Received Import Request.
  Time since last request: 4.567226 seconds.
  path: Assets/UI/Level UI.prefab
  artifactKey: Guid(bd0a656c349cfc846942db52bec737eb) Importer(815301076,1909f56bfc062723c751e8b465ee728b)
Start importing Assets/UI/Level UI.prefab using Guid(bd0a656c349cfc846942db52bec737eb) Importer(815301076,1909f56bfc062723c751e8b465ee728b)  -> (artifact id: 'c21b44ec16cbf579115f5e5d5588768f') in 0.019491 seconds 
  Import took 0.028308 seconds .

========================================================================
Received Import Request.
  Time since last request: 4.996386 seconds.
  path: Assets/UI/Level UI.prefab
  artifactKey: Guid(bd0a656c349cfc846942db52bec737eb) Importer(815301076,1909f56bfc062723c751e8b465ee728b)
Start importing Assets/UI/Level UI.prefab using Guid(bd0a656c349cfc846942db52bec737eb) Importer(815301076,1909f56bfc062723c751e8b465ee728b)  -> (artifact id: '637045b44d784d8c02adc230351b5959') in 0.018548 seconds 
  Import took 0.026925 seconds .

========================================================================
Received Import Request.
  Time since last request: 4.820268 seconds.
  path: Assets/UI/Level UI.prefab
  artifactKey: Guid(bd0a656c349cfc846942db52bec737eb) Importer(815301076,1909f56bfc062723c751e8b465ee728b)
Start importing Assets/UI/Level UI.prefab using Guid(bd0a656c349cfc846942db52bec737eb) Importer(815301076,1909f56bfc062723c751e8b465ee728b)  -> (artifact id: 'f7f94cb86ed00ce7ca00b3ae07a8eb1b') in 0.018353 seconds 
  Import took 0.027591 seconds .

========================================================================
Received Import Request.
  Time since last request: 11.158319 seconds.
  path: Assets/UI/Level UI.prefab
  artifactKey: Guid(bd0a656c349cfc846942db52bec737eb) Importer(815301076,1909f56bfc062723c751e8b465ee728b)
Start importing Assets/UI/Level UI.prefab using Guid(bd0a656c349cfc846942db52bec737eb) Importer(815301076,1909f56bfc062723c751e8b465ee728b)  -> (artifact id: 'de4b71e21f9a244e8b73dff3dd82f5c1') in 0.019646 seconds 
  Import took 0.027848 seconds .

========================================================================
Received Import Request.
  Time since last request: 40.000332 seconds.
  path: Assets/UI/Level UI.prefab
  artifactKey: Guid(bd0a656c349cfc846942db52bec737eb) Importer(815301076,1909f56bfc062723c751e8b465ee728b)
Start importing Assets/UI/Level UI.prefab using Guid(bd0a656c349cfc846942db52bec737eb) Importer(815301076,1909f56bfc062723c751e8b465ee728b)  -> (artifact id: '5c346a7f4a3734ac36559db7cd4cfeb9') in 0.016836 seconds 
  Import took 0.024210 seconds .

========================================================================
Received Import Request.
  Time since last request: 3.420590 seconds.
  path: Assets/UI/Level UI.prefab
  artifactKey: Guid(bd0a656c349cfc846942db52bec737eb) Importer(815301076,1909f56bfc062723c751e8b465ee728b)
Start importing Assets/UI/Level UI.prefab using Guid(bd0a656c349cfc846942db52bec737eb) Importer(815301076,1909f56bfc062723c751e8b465ee728b)  -> (artifact id: 'fb798ab134a57c3863a930ab135968c9') in 0.018900 seconds 
  Import took 0.027790 seconds .

========================================================================
Received Import Request.
  Time since last request: 4.816846 seconds.
  path: Assets/UI/Level UI.prefab
  artifactKey: Guid(bd0a656c349cfc846942db52bec737eb) Importer(815301076,1909f56bfc062723c751e8b465ee728b)
Start importing Assets/UI/Level UI.prefab using Guid(bd0a656c349cfc846942db52bec737eb) Importer(815301076,1909f56bfc062723c751e8b465ee728b)  -> (artifact id: '35205359d4c8fb1bc45bf79a49a86063') in 0.023141 seconds 
  Import took 0.046640 seconds .

========================================================================
Received Import Request.
  Time since last request: 1.778566 seconds.
  path: Assets/UI/Level UI.prefab
  artifactKey: Guid(bd0a656c349cfc846942db52bec737eb) Importer(815301076,1909f56bfc062723c751e8b465ee728b)
Start importing Assets/UI/Level UI.prefab using Guid(bd0a656c349cfc846942db52bec737eb) Importer(815301076,1909f56bfc062723c751e8b465ee728b)  -> (artifact id: '4a75a5d233fc26f29cc09d3a1a34f81a') in 0.022322 seconds 
  Import took 0.031844 seconds .

========================================================================
Received Import Request.
  Time since last request: 2.632036 seconds.
  path: Assets/UI/Level UI.prefab
  artifactKey: Guid(bd0a656c349cfc846942db52bec737eb) Importer(815301076,1909f56bfc062723c751e8b465ee728b)
Start importing Assets/UI/Level UI.prefab using Guid(bd0a656c349cfc846942db52bec737eb) Importer(815301076,1909f56bfc062723c751e8b465ee728b)  -> (artifact id: 'f8c5af81509ec3cfc263366b7ca56ce5') in 0.015630 seconds 
  Import took 0.023900 seconds .

========================================================================
Received Import Request.
  Time since last request: 17.590364 seconds.
  path: Assets/UI/Level UI.prefab
  artifactKey: Guid(bd0a656c349cfc846942db52bec737eb) Importer(815301076,1909f56bfc062723c751e8b465ee728b)
Start importing Assets/UI/Level UI.prefab using Guid(bd0a656c349cfc846942db52bec737eb) Importer(815301076,1909f56bfc062723c751e8b465ee728b)  -> (artifact id: 'bc8e9cc5145775190aa5e61298de8123') in 0.022839 seconds 
  Import took 0.031048 seconds .

========================================================================
Received Import Request.
  Time since last request: 0.574450 seconds.
  path: Assets/UI/Level UI.prefab
  artifactKey: Guid(bd0a656c349cfc846942db52bec737eb) Importer(815301076,1909f56bfc062723c751e8b465ee728b)
Start importing Assets/UI/Level UI.prefab using Guid(bd0a656c349cfc846942db52bec737eb) Importer(815301076,1909f56bfc062723c751e8b465ee728b)  -> (artifact id: 'fbf92a1ed9b1aa20a44388cbbcacc01d') in 0.018953 seconds 
  Import took 0.028899 seconds .

========================================================================
Received Import Request.
  Time since last request: 3.193667 seconds.
  path: Assets/UI/Level UI.prefab
  artifactKey: Guid(bd0a656c349cfc846942db52bec737eb) Importer(815301076,1909f56bfc062723c751e8b465ee728b)
Start importing Assets/UI/Level UI.prefab using Guid(bd0a656c349cfc846942db52bec737eb) Importer(815301076,1909f56bfc062723c751e8b465ee728b)  -> (artifact id: '1b9c7ca256ad351e365367293d2b7224') in 0.017676 seconds 
  Import took 0.025862 seconds .

========================================================================
Received Import Request.
  Time since last request: 4.229574 seconds.
  path: Assets/UI/Level UI.prefab
  artifactKey: Guid(bd0a656c349cfc846942db52bec737eb) Importer(815301076,1909f56bfc062723c751e8b465ee728b)
Start importing Assets/UI/Level UI.prefab using Guid(bd0a656c349cfc846942db52bec737eb) Importer(815301076,1909f56bfc062723c751e8b465ee728b)  -> (artifact id: 'f7c4bd29e6e9f04f52c255d411c9901c') in 0.020443 seconds 
  Import took 0.027421 seconds .

========================================================================
Received Import Request.
  Time since last request: 2.207533 seconds.
  path: Assets/UI/Level UI.prefab
  artifactKey: Guid(bd0a656c349cfc846942db52bec737eb) Importer(815301076,1909f56bfc062723c751e8b465ee728b)
Start importing Assets/UI/Level UI.prefab using Guid(bd0a656c349cfc846942db52bec737eb) Importer(815301076,1909f56bfc062723c751e8b465ee728b)  -> (artifact id: '694114c4cde4264b700930359df022a8') in 0.020137 seconds 
  Import took 0.028768 seconds .

========================================================================
Received Import Request.
  Time since last request: 7.941250 seconds.
  path: Assets/UI/Level UI.prefab
  artifactKey: Guid(bd0a656c349cfc846942db52bec737eb) Importer(815301076,1909f56bfc062723c751e8b465ee728b)
Start importing Assets/UI/Level UI.prefab using Guid(bd0a656c349cfc846942db52bec737eb) Importer(815301076,1909f56bfc062723c751e8b465ee728b)  -> (artifact id: '5e0b4902516f3e2d7e93ba24dd2026cc') in 0.018744 seconds 
  Import took 0.027430 seconds .

========================================================================
Received Import Request.
  Time since last request: 10.277335 seconds.
  path: Assets/UI/Level UI.prefab
  artifactKey: Guid(bd0a656c349cfc846942db52bec737eb) Importer(815301076,1909f56bfc062723c751e8b465ee728b)
Start importing Assets/UI/Level UI.prefab using Guid(bd0a656c349cfc846942db52bec737eb) Importer(815301076,1909f56bfc062723c751e8b465ee728b)  -> (artifact id: '7b457e621b3f8225dcd041720a4fb980') in 0.016675 seconds 
  Import took 0.024482 seconds .

========================================================================
Received Import Request.
  Time since last request: 3.663079 seconds.
  path: Assets/UI/Level UI.prefab
  artifactKey: Guid(bd0a656c349cfc846942db52bec737eb) Importer(815301076,1909f56bfc062723c751e8b465ee728b)
Start importing Assets/UI/Level UI.prefab using Guid(bd0a656c349cfc846942db52bec737eb) Importer(815301076,1909f56bfc062723c751e8b465ee728b)  -> (artifact id: 'cbd0e46502340a608de56197b332d72a') in 0.045800 seconds 
  Import took 0.069005 seconds .

========================================================================
Received Import Request.
  Time since last request: 2.115130 seconds.
  path: Assets/UI/Level UI.prefab
  artifactKey: Guid(bd0a656c349cfc846942db52bec737eb) Importer(815301076,1909f56bfc062723c751e8b465ee728b)
Start importing Assets/UI/Level UI.prefab using Guid(bd0a656c349cfc846942db52bec737eb) Importer(815301076,1909f56bfc062723c751e8b465ee728b)  -> (artifact id: '4b06c0672255927b3770fec436da9323') in 0.028585 seconds 
  Import took 0.036477 seconds .

========================================================================
Received Import Request.
  Time since last request: 94.195952 seconds.
  path: Assets/UI/Level UI.prefab
  artifactKey: Guid(bd0a656c349cfc846942db52bec737eb) Importer(815301076,1909f56bfc062723c751e8b465ee728b)
Start importing Assets/UI/Level UI.prefab using Guid(bd0a656c349cfc846942db52bec737eb) Importer(815301076,1909f56bfc062723c751e8b465ee728b)  -> (artifact id: 'c5f649f78b6c3f1179afab0b141ce5f8') in 0.020638 seconds 
  Import took 0.029364 seconds .

========================================================================
Received Import Request.
  Time since last request: 26.058633 seconds.
  path: Assets/UI/Level UI.prefab
  artifactKey: Guid(bd0a656c349cfc846942db52bec737eb) Importer(815301076,1909f56bfc062723c751e8b465ee728b)
Start importing Assets/UI/Level UI.prefab using Guid(bd0a656c349cfc846942db52bec737eb) Importer(815301076,1909f56bfc062723c751e8b465ee728b)  -> (artifact id: 'de4dd60c708fc301c4f9f47b2499e46d') in 0.015355 seconds 
  Import took 0.023008 seconds .

========================================================================
Received Import Request.
  Time since last request: 3.027616 seconds.
  path: Assets/UI/Level UI.prefab
  artifactKey: Guid(bd0a656c349cfc846942db52bec737eb) Importer(815301076,1909f56bfc062723c751e8b465ee728b)
Start importing Assets/UI/Level UI.prefab using Guid(bd0a656c349cfc846942db52bec737eb) Importer(815301076,1909f56bfc062723c751e8b465ee728b)  -> (artifact id: '7bfee4774be7709a4b32b672b1c8be6a') in 0.016743 seconds 
  Import took 0.029554 seconds .

========================================================================
Received Import Request.
  Time since last request: 1.839472 seconds.
  path: Assets/UI/Level UI.prefab
  artifactKey: Guid(bd0a656c349cfc846942db52bec737eb) Importer(815301076,1909f56bfc062723c751e8b465ee728b)
Start importing Assets/UI/Level UI.prefab using Guid(bd0a656c349cfc846942db52bec737eb) Importer(815301076,1909f56bfc062723c751e8b465ee728b)  -> (artifact id: '468a3f5bcd3c5e532fe3fb999470a1e3') in 0.016177 seconds 
  Import took 0.024809 seconds .

========================================================================
Received Import Request.
  Time since last request: 4.651935 seconds.
  path: Assets/UI/Level UI.prefab
  artifactKey: Guid(bd0a656c349cfc846942db52bec737eb) Importer(815301076,1909f56bfc062723c751e8b465ee728b)
Start importing Assets/UI/Level UI.prefab using Guid(bd0a656c349cfc846942db52bec737eb) Importer(815301076,1909f56bfc062723c751e8b465ee728b)  -> (artifact id: '4ed663e00de22e930ce839f5c48a16dc') in 0.018807 seconds 
  Import took 0.026929 seconds .

========================================================================
Received Import Request.
  Time since last request: 8.648434 seconds.
  path: Assets/UI/Level UI.prefab
  artifactKey: Guid(bd0a656c349cfc846942db52bec737eb) Importer(815301076,1909f56bfc062723c751e8b465ee728b)
Start importing Assets/UI/Level UI.prefab using Guid(bd0a656c349cfc846942db52bec737eb) Importer(815301076,1909f56bfc062723c751e8b465ee728b)  -> (artifact id: '0dc83bbb3db2729ef1e6e64c1f18f27f') in 0.018012 seconds 
  Import took 0.026711 seconds .

========================================================================
Received Import Request.
  Time since last request: 8.141054 seconds.
  path: Assets/UI/Level UI.prefab
  artifactKey: Guid(bd0a656c349cfc846942db52bec737eb) Importer(815301076,1909f56bfc062723c751e8b465ee728b)
Start importing Assets/UI/Level UI.prefab using Guid(bd0a656c349cfc846942db52bec737eb) Importer(815301076,1909f56bfc062723c751e8b465ee728b)  -> (artifact id: '3e545a7b9d19b2d9c3bb04bde0c47b23') in 0.016792 seconds 
  Import took 0.025059 seconds .

========================================================================
Received Import Request.
  Time since last request: 3.816862 seconds.
  path: Assets/UI/Level UI.prefab
  artifactKey: Guid(bd0a656c349cfc846942db52bec737eb) Importer(815301076,1909f56bfc062723c751e8b465ee728b)
Start importing Assets/UI/Level UI.prefab using Guid(bd0a656c349cfc846942db52bec737eb) Importer(815301076,1909f56bfc062723c751e8b465ee728b)  -> (artifact id: '4e1c6285c1313792f2a4b3e1ba524080') in 0.018080 seconds 
  Import took 0.026967 seconds .

========================================================================
Received Import Request.
  Time since last request: 27.419732 seconds.
  path: Assets/UI/Level UI.prefab
  artifactKey: Guid(bd0a656c349cfc846942db52bec737eb) Importer(815301076,1909f56bfc062723c751e8b465ee728b)
Start importing Assets/UI/Level UI.prefab using Guid(bd0a656c349cfc846942db52bec737eb) Importer(815301076,1909f56bfc062723c751e8b465ee728b)  -> (artifact id: 'd21e7e6c90c1b0d2d50bd3b36a460bda') in 0.009933 seconds 
  Import took 0.017921 seconds .

========================================================================
Received Import Request.
  Time since last request: 2.622809 seconds.
  path: Assets/UI/Level UI.prefab
  artifactKey: Guid(bd0a656c349cfc846942db52bec737eb) Importer(815301076,1909f56bfc062723c751e8b465ee728b)
Start importing Assets/UI/Level UI.prefab using Guid(bd0a656c349cfc846942db52bec737eb) Importer(815301076,1909f56bfc062723c751e8b465ee728b)  -> (artifact id: 'ba7336125a92b3c0bfe56557647a85d2') in 0.010271 seconds 
  Import took 0.017623 seconds .

========================================================================
Received Import Request.
  Time since last request: 7.265252 seconds.
  path: Assets/UI/Level UI.prefab
  artifactKey: Guid(bd0a656c349cfc846942db52bec737eb) Importer(815301076,1909f56bfc062723c751e8b465ee728b)
Start importing Assets/UI/Level UI.prefab using Guid(bd0a656c349cfc846942db52bec737eb) Importer(815301076,1909f56bfc062723c751e8b465ee728b)  -> (artifact id: '45049275a68cb100c4fbf27be8b15d61') in 0.012053 seconds 
  Import took 0.019153 seconds .

========================================================================
Received Import Request.
  Time since last request: 26.447853 seconds.
  path: Assets/UI/Level UI.prefab
  artifactKey: Guid(bd0a656c349cfc846942db52bec737eb) Importer(815301076,1909f56bfc062723c751e8b465ee728b)
Start importing Assets/UI/Level UI.prefab using Guid(bd0a656c349cfc846942db52bec737eb) Importer(815301076,1909f56bfc062723c751e8b465ee728b)  -> (artifact id: '186f7c8d0a520e709c992744c8980c3f') in 0.015593 seconds 
  Import took 0.024431 seconds .

========================================================================
Received Import Request.
  Time since last request: 43.774574 seconds.
  path: Assets/UI/Level UI.prefab
  artifactKey: Guid(bd0a656c349cfc846942db52bec737eb) Importer(815301076,1909f56bfc062723c751e8b465ee728b)
Start importing Assets/UI/Level UI.prefab using Guid(bd0a656c349cfc846942db52bec737eb) Importer(815301076,1909f56bfc062723c751e8b465ee728b)  -> (artifact id: '80dea0e445dd600bec6eb9f881c9d4b2') in 0.016966 seconds 
  Import took 0.024759 seconds .

========================================================================
Received Import Request.
  Time since last request: 2.384961 seconds.
  path: Assets/UI/Level UI.prefab
  artifactKey: Guid(bd0a656c349cfc846942db52bec737eb) Importer(815301076,1909f56bfc062723c751e8b465ee728b)
Start importing Assets/UI/Level UI.prefab using Guid(bd0a656c349cfc846942db52bec737eb) Importer(815301076,1909f56bfc062723c751e8b465ee728b)  -> (artifact id: '46132f4a254b6b18eca7d31b99b15af9') in 0.016625 seconds 
  Import took 0.029954 seconds .

========================================================================
Received Import Request.
  Time since last request: 23.238755 seconds.
  path: Assets/UI/Level UI.prefab
  artifactKey: Guid(bd0a656c349cfc846942db52bec737eb) Importer(815301076,1909f56bfc062723c751e8b465ee728b)
Start importing Assets/UI/Level UI.prefab using Guid(bd0a656c349cfc846942db52bec737eb) Importer(815301076,1909f56bfc062723c751e8b465ee728b)  -> (artifact id: '279ae8bf1bddf53524ee96adfe35a524') in 0.016934 seconds 
  Import took 0.025328 seconds .

========================================================================
Received Import Request.
  Time since last request: 0.780709 seconds.
  path: Assets/UI/Level UI.prefab
  artifactKey: Guid(bd0a656c349cfc846942db52bec737eb) Importer(815301076,1909f56bfc062723c751e8b465ee728b)
Start importing Assets/UI/Level UI.prefab using Guid(bd0a656c349cfc846942db52bec737eb) Importer(815301076,1909f56bfc062723c751e8b465ee728b)  -> (artifact id: '7e0deffeff70bc1e5bf1bbdaee42de41') in 0.018676 seconds 
  Import took 0.028178 seconds .

========================================================================
Received Import Request.
  Time since last request: 4.226113 seconds.
  path: Assets/UI/Level UI.prefab
  artifactKey: Guid(bd0a656c349cfc846942db52bec737eb) Importer(815301076,1909f56bfc062723c751e8b465ee728b)
Start importing Assets/UI/Level UI.prefab using Guid(bd0a656c349cfc846942db52bec737eb) Importer(815301076,1909f56bfc062723c751e8b465ee728b)  -> (artifact id: 'e5721f30c174b3e6a1c74bed13a14f25') in 0.016484 seconds 
  Import took 0.023850 seconds .

========================================================================
Received Import Request.
  Time since last request: 5.090046 seconds.
  path: Assets/UI/Level UI.prefab
  artifactKey: Guid(bd0a656c349cfc846942db52bec737eb) Importer(815301076,1909f56bfc062723c751e8b465ee728b)
Start importing Assets/UI/Level UI.prefab using Guid(bd0a656c349cfc846942db52bec737eb) Importer(815301076,1909f56bfc062723c751e8b465ee728b)  -> (artifact id: 'c1ef184920252e50bf2813759aeebbf3') in 0.018107 seconds 
  Import took 0.024548 seconds .

========================================================================
Received Import Request.
  Time since last request: 2.605205 seconds.
  path: Assets/UI/Level UI.prefab
  artifactKey: Guid(bd0a656c349cfc846942db52bec737eb) Importer(815301076,1909f56bfc062723c751e8b465ee728b)
Start importing Assets/UI/Level UI.prefab using Guid(bd0a656c349cfc846942db52bec737eb) Importer(815301076,1909f56bfc062723c751e8b465ee728b)  -> (artifact id: 'd1faf26092f3fab7caa2240d9376470a') in 0.018867 seconds 
  Import took 0.028059 seconds .

========================================================================
Received Import Request.
  Time since last request: 18.517654 seconds.
  path: Assets/UI/Level UI.prefab
  artifactKey: Guid(bd0a656c349cfc846942db52bec737eb) Importer(815301076,1909f56bfc062723c751e8b465ee728b)
Start importing Assets/UI/Level UI.prefab using Guid(bd0a656c349cfc846942db52bec737eb) Importer(815301076,1909f56bfc062723c751e8b465ee728b)  -> (artifact id: '54b78dca8bcd06826af0ff080a66490a') in 0.016567 seconds 
  Import took 0.024273 seconds .

========================================================================
Received Import Request.
  Time since last request: 5.206508 seconds.
  path: Assets/UI/Level UI.prefab
  artifactKey: Guid(bd0a656c349cfc846942db52bec737eb) Importer(815301076,1909f56bfc062723c751e8b465ee728b)
Start importing Assets/UI/Level UI.prefab using Guid(bd0a656c349cfc846942db52bec737eb) Importer(815301076,1909f56bfc062723c751e8b465ee728b)  -> (artifact id: '112b48e3f4a2a1485a65e587ff3ee81e') in 0.022262 seconds 
  Import took 0.028744 seconds .

========================================================================
Received Import Request.
  Time since last request: 0.999144 seconds.
  path: Assets/UI/Level UI.prefab
  artifactKey: Guid(bd0a656c349cfc846942db52bec737eb) Importer(815301076,1909f56bfc062723c751e8b465ee728b)
Start importing Assets/UI/Level UI.prefab using Guid(bd0a656c349cfc846942db52bec737eb) Importer(815301076,1909f56bfc062723c751e8b465ee728b)  -> (artifact id: '9d1fb2d5b16896622e98e865d87768a4') in 0.017857 seconds 
  Import took 0.025798 seconds .

========================================================================
Received Import Request.
  Time since last request: 2.817506 seconds.
  path: Assets/UI/Level UI.prefab
  artifactKey: Guid(bd0a656c349cfc846942db52bec737eb) Importer(815301076,1909f56bfc062723c751e8b465ee728b)
Start importing Assets/UI/Level UI.prefab using Guid(bd0a656c349cfc846942db52bec737eb) Importer(815301076,1909f56bfc062723c751e8b465ee728b)  -> (artifact id: 'bbbfec98a836fc24102e1b439d44a2df') in 0.016192 seconds 
  Import took 0.022693 seconds .

========================================================================
Received Import Request.
  Time since last request: 0.801086 seconds.
  path: Assets/UI/Level UI.prefab
  artifactKey: Guid(bd0a656c349cfc846942db52bec737eb) Importer(815301076,1909f56bfc062723c751e8b465ee728b)
Start importing Assets/UI/Level UI.prefab using Guid(bd0a656c349cfc846942db52bec737eb) Importer(815301076,1909f56bfc062723c751e8b465ee728b)  -> (artifact id: '6b98845af2a7906434cd5291ad279def') in 0.018495 seconds 
  Import took 0.027278 seconds .

========================================================================
Received Import Request.
  Time since last request: 2.997905 seconds.
  path: Assets/UI/Level UI.prefab
  artifactKey: Guid(bd0a656c349cfc846942db52bec737eb) Importer(815301076,1909f56bfc062723c751e8b465ee728b)
Start importing Assets/UI/Level UI.prefab using Guid(bd0a656c349cfc846942db52bec737eb) Importer(815301076,1909f56bfc062723c751e8b465ee728b)  -> (artifact id: 'c3a0627961842b7d7b36500c27b2b628') in 0.017434 seconds 
  Import took 0.027164 seconds .

========================================================================
Received Import Request.
  Time since last request: 56.628421 seconds.
  path: Assets/UI/Level UI.prefab
  artifactKey: Guid(bd0a656c349cfc846942db52bec737eb) Importer(815301076,1909f56bfc062723c751e8b465ee728b)
Start importing Assets/UI/Level UI.prefab using Guid(bd0a656c349cfc846942db52bec737eb) Importer(815301076,1909f56bfc062723c751e8b465ee728b)  -> (artifact id: 'fed0e3a615b7f7dd062120bf09450322') in 0.018120 seconds 
  Import took 0.025720 seconds .

========================================================================
Received Import Request.
  Time since last request: 6.249251 seconds.
  path: Assets/UI/Level UI.prefab
  artifactKey: Guid(bd0a656c349cfc846942db52bec737eb) Importer(815301076,1909f56bfc062723c751e8b465ee728b)
Start importing Assets/UI/Level UI.prefab using Guid(bd0a656c349cfc846942db52bec737eb) Importer(815301076,1909f56bfc062723c751e8b465ee728b)  -> (artifact id: 'd37c06e6b7b9dc975cf29340ca5a77b3') in 0.019552 seconds 
  Import took 0.027869 seconds .

========================================================================
Received Import Request.
  Time since last request: 4.010322 seconds.
  path: Assets/UI/Level UI.prefab
  artifactKey: Guid(bd0a656c349cfc846942db52bec737eb) Importer(815301076,1909f56bfc062723c751e8b465ee728b)
Start importing Assets/UI/Level UI.prefab using Guid(bd0a656c349cfc846942db52bec737eb) Importer(815301076,1909f56bfc062723c751e8b465ee728b)  -> (artifact id: 'fc3d9c3e48e94323efa1ef41075e1b43') in 0.013996 seconds 
  Import took 0.021970 seconds .

========================================================================
Received Import Request.
  Time since last request: 5.232488 seconds.
  path: Assets/UI/Level UI.prefab
  artifactKey: Guid(bd0a656c349cfc846942db52bec737eb) Importer(815301076,1909f56bfc062723c751e8b465ee728b)
Start importing Assets/UI/Level UI.prefab using Guid(bd0a656c349cfc846942db52bec737eb) Importer(815301076,1909f56bfc062723c751e8b465ee728b)  -> (artifact id: '939a1a03a74923d78587460d4a8ebd65') in 0.018370 seconds 
  Import took 0.028318 seconds .

========================================================================
Received Import Request.
  Time since last request: 3.214099 seconds.
  path: Assets/UI/Level UI.prefab
  artifactKey: Guid(bd0a656c349cfc846942db52bec737eb) Importer(815301076,1909f56bfc062723c751e8b465ee728b)
Start importing Assets/UI/Level UI.prefab using Guid(bd0a656c349cfc846942db52bec737eb) Importer(815301076,1909f56bfc062723c751e8b465ee728b)  -> (artifact id: '1467a91d42ea6778244805704587ae33') in 0.018049 seconds 
  Import took 0.026651 seconds .

========================================================================
Received Import Request.
  Time since last request: 18.814869 seconds.
  path: Assets/UI/Level UI.prefab
  artifactKey: Guid(bd0a656c349cfc846942db52bec737eb) Importer(815301076,1909f56bfc062723c751e8b465ee728b)
Start importing Assets/UI/Level UI.prefab using Guid(bd0a656c349cfc846942db52bec737eb) Importer(815301076,1909f56bfc062723c751e8b465ee728b)  -> (artifact id: 'f701a0c83d83c543c70d5f7bf836ea5e') in 0.019378 seconds 
  Import took 0.028243 seconds .

========================================================================
Received Import Request.
  Time since last request: 3.639041 seconds.
  path: Assets/UI/Level UI.prefab
  artifactKey: Guid(bd0a656c349cfc846942db52bec737eb) Importer(815301076,1909f56bfc062723c751e8b465ee728b)
Start importing Assets/UI/Level UI.prefab using Guid(bd0a656c349cfc846942db52bec737eb) Importer(815301076,1909f56bfc062723c751e8b465ee728b)  -> (artifact id: '3e8342715de2165355992ef44a6c4bf9') in 0.017031 seconds 
  Import took 0.024741 seconds .

========================================================================
Received Import Request.
  Time since last request: 3.421590 seconds.
  path: Assets/UI/Level UI.prefab
  artifactKey: Guid(bd0a656c349cfc846942db52bec737eb) Importer(815301076,1909f56bfc062723c751e8b465ee728b)
Start importing Assets/UI/Level UI.prefab using Guid(bd0a656c349cfc846942db52bec737eb) Importer(815301076,1909f56bfc062723c751e8b465ee728b)  -> (artifact id: '97256f08a59d595c70efa22a3b3a2a72') in 0.017647 seconds 
  Import took 0.027205 seconds .

========================================================================
Received Import Request.
  Time since last request: 0.374710 seconds.
  path: Assets/UI/Level UI.prefab
  artifactKey: Guid(bd0a656c349cfc846942db52bec737eb) Importer(815301076,1909f56bfc062723c751e8b465ee728b)
Start importing Assets/UI/Level UI.prefab using Guid(bd0a656c349cfc846942db52bec737eb) Importer(815301076,1909f56bfc062723c751e8b465ee728b)  -> (artifact id: 'e05653456c908972c06ef740f4320ab9') in 0.023780 seconds 
  Import took 0.032273 seconds .

========================================================================
Received Import Request.
  Time since last request: 8.480571 seconds.
  path: Assets/UI/Level UI.prefab
  artifactKey: Guid(bd0a656c349cfc846942db52bec737eb) Importer(815301076,1909f56bfc062723c751e8b465ee728b)
Start importing Assets/UI/Level UI.prefab using Guid(bd0a656c349cfc846942db52bec737eb) Importer(815301076,1909f56bfc062723c751e8b465ee728b)  -> (artifact id: 'd8873c086b73a71da97ead8dcf80d35b') in 0.018372 seconds 
  Import took 0.294609 seconds .

========================================================================
Received Import Request.
  Time since last request: 5.959867 seconds.
  path: Assets/UI/Level UI.prefab
  artifactKey: Guid(bd0a656c349cfc846942db52bec737eb) Importer(815301076,1909f56bfc062723c751e8b465ee728b)
Start importing Assets/UI/Level UI.prefab using Guid(bd0a656c349cfc846942db52bec737eb) Importer(815301076,1909f56bfc062723c751e8b465ee728b)  -> (artifact id: '5006b85bab1c06884705c1e160979788') in 0.018861 seconds 
  Import took 0.028664 seconds .

========================================================================
Received Import Request.
  Time since last request: 2.399927 seconds.
  path: Assets/UI/Level UI.prefab
  artifactKey: Guid(bd0a656c349cfc846942db52bec737eb) Importer(815301076,1909f56bfc062723c751e8b465ee728b)
Start importing Assets/UI/Level UI.prefab using Guid(bd0a656c349cfc846942db52bec737eb) Importer(815301076,1909f56bfc062723c751e8b465ee728b)  -> (artifact id: '8c980c1ce20febfe84fb3a6c5196485e') in 0.020881 seconds 
  Import took 0.028979 seconds .

========================================================================
Received Import Request.
  Time since last request: 57.308851 seconds.
  path: Assets/UI/Level UI.prefab
  artifactKey: Guid(bd0a656c349cfc846942db52bec737eb) Importer(815301076,1909f56bfc062723c751e8b465ee728b)
Start importing Assets/UI/Level UI.prefab using Guid(bd0a656c349cfc846942db52bec737eb) Importer(815301076,1909f56bfc062723c751e8b465ee728b)  -> (artifact id: '503e471958620a7892f4d73ee2fbc358') in 0.020310 seconds 
  Import took 0.027219 seconds .

========================================================================
Received Import Request.
  Time since last request: 22.789439 seconds.
  path: Assets/UI/Level UI.prefab
  artifactKey: Guid(bd0a656c349cfc846942db52bec737eb) Importer(815301076,1909f56bfc062723c751e8b465ee728b)
Start importing Assets/UI/Level UI.prefab using Guid(bd0a656c349cfc846942db52bec737eb) Importer(815301076,1909f56bfc062723c751e8b465ee728b)  -> (artifact id: 'f04f1483dbc887ea67f67483410adc0b') in 0.011457 seconds 
  Import took 0.019986 seconds .

========================================================================
Received Import Request.
  Time since last request: 24.640186 seconds.
  path: Assets/UI/Level UI.prefab
  artifactKey: Guid(bd0a656c349cfc846942db52bec737eb) Importer(815301076,1909f56bfc062723c751e8b465ee728b)
Start importing Assets/UI/Level UI.prefab using Guid(bd0a656c349cfc846942db52bec737eb) Importer(815301076,1909f56bfc062723c751e8b465ee728b)  -> (artifact id: '4f8e81ab3a51e37523083981f0f44a5b') in 0.019819 seconds 
  Import took 0.028681 seconds .

========================================================================
Received Import Request.
  Time since last request: 5.677956 seconds.
  path: Assets/UI/Level UI.prefab
  artifactKey: Guid(bd0a656c349cfc846942db52bec737eb) Importer(815301076,1909f56bfc062723c751e8b465ee728b)
Start importing Assets/UI/Level UI.prefab using Guid(bd0a656c349cfc846942db52bec737eb) Importer(815301076,1909f56bfc062723c751e8b465ee728b)  -> (artifact id: 'c9b33e3b7c3be88ab993488821ac1681') in 0.010406 seconds 
  Import took 0.019041 seconds .

========================================================================
Received Import Request.
  Time since last request: 0.976847 seconds.
  path: Assets/UI/Level UI.prefab
  artifactKey: Guid(bd0a656c349cfc846942db52bec737eb) Importer(815301076,1909f56bfc062723c751e8b465ee728b)
Start importing Assets/UI/Level UI.prefab using Guid(bd0a656c349cfc846942db52bec737eb) Importer(815301076,1909f56bfc062723c751e8b465ee728b)  -> (artifact id: '84a88fac5f5f899fda13d71d7da3931f') in 0.018131 seconds 
  Import took 0.025495 seconds .

========================================================================
Received Import Request.
  Time since last request: 9.297944 seconds.
  path: Assets/UI/Level UI.prefab
  artifactKey: Guid(bd0a656c349cfc846942db52bec737eb) Importer(815301076,1909f56bfc062723c751e8b465ee728b)
Start importing Assets/UI/Level UI.prefab using Guid(bd0a656c349cfc846942db52bec737eb) Importer(815301076,1909f56bfc062723c751e8b465ee728b)  -> (artifact id: 'd9b55d359ca891ceda0757abb17694e6') in 0.018473 seconds 
  Import took 0.025932 seconds .

========================================================================
Received Import Request.
  Time since last request: 5.036041 seconds.
  path: Assets/UI/Level UI.prefab
  artifactKey: Guid(bd0a656c349cfc846942db52bec737eb) Importer(815301076,1909f56bfc062723c751e8b465ee728b)
Start importing Assets/UI/Level UI.prefab using Guid(bd0a656c349cfc846942db52bec737eb) Importer(815301076,1909f56bfc062723c751e8b465ee728b)  -> (artifact id: '0194866473a2f04d717a1534e1717332') in 0.018239 seconds 
  Import took 0.027609 seconds .

========================================================================
Received Import Request.
  Time since last request: 4.261321 seconds.
  path: Assets/UI/Level UI.prefab
  artifactKey: Guid(bd0a656c349cfc846942db52bec737eb) Importer(815301076,1909f56bfc062723c751e8b465ee728b)
Start importing Assets/UI/Level UI.prefab using Guid(bd0a656c349cfc846942db52bec737eb) Importer(815301076,1909f56bfc062723c751e8b465ee728b)  -> (artifact id: '7e0227fb59498920158bd25a80fbd01f') in 0.022968 seconds 
  Import took 0.036049 seconds .

========================================================================
Received Import Request.
  Time since last request: 16.904491 seconds.
  path: Assets/UI/Level UI.prefab
  artifactKey: Guid(bd0a656c349cfc846942db52bec737eb) Importer(815301076,1909f56bfc062723c751e8b465ee728b)
Start importing Assets/UI/Level UI.prefab using Guid(bd0a656c349cfc846942db52bec737eb) Importer(815301076,1909f56bfc062723c751e8b465ee728b)  -> (artifact id: '7f248be004411d601ac1f7ecf49d1666') in 0.018321 seconds 
  Import took 0.026404 seconds .

========================================================================
Received Import Request.
  Time since last request: 2.662224 seconds.
  path: Assets/UI/Level UI.prefab
  artifactKey: Guid(bd0a656c349cfc846942db52bec737eb) Importer(815301076,1909f56bfc062723c751e8b465ee728b)
Start importing Assets/UI/Level UI.prefab using Guid(bd0a656c349cfc846942db52bec737eb) Importer(815301076,1909f56bfc062723c751e8b465ee728b)  -> (artifact id: '6852df5ac63311f64bd5946c6b8131ac') in 0.017014 seconds 
  Import took 0.027121 seconds .

========================================================================
Received Import Request.
  Time since last request: 22.597599 seconds.
  path: Assets/UI/Level UI.prefab
  artifactKey: Guid(bd0a656c349cfc846942db52bec737eb) Importer(815301076,1909f56bfc062723c751e8b465ee728b)
Start importing Assets/UI/Level UI.prefab using Guid(bd0a656c349cfc846942db52bec737eb) Importer(815301076,1909f56bfc062723c751e8b465ee728b)  -> (artifact id: 'e431b44ce3c89bfce88ce094d155cb60') in 0.020557 seconds 
  Import took 0.028566 seconds .

========================================================================
Received Import Request.
  Time since last request: 7.061438 seconds.
  path: Assets/UI/Level UI.prefab
  artifactKey: Guid(bd0a656c349cfc846942db52bec737eb) Importer(815301076,1909f56bfc062723c751e8b465ee728b)
Start importing Assets/UI/Level UI.prefab using Guid(bd0a656c349cfc846942db52bec737eb) Importer(815301076,1909f56bfc062723c751e8b465ee728b)  -> (artifact id: '515a1ba13cc0aaefc5e077d1e315d0fd') in 0.016638 seconds 
  Import took 0.024776 seconds .

========================================================================
Received Import Request.
  Time since last request: 15.448707 seconds.
  path: Assets/UI/Level UI.prefab
  artifactKey: Guid(bd0a656c349cfc846942db52bec737eb) Importer(815301076,1909f56bfc062723c751e8b465ee728b)
Start importing Assets/UI/Level UI.prefab using Guid(bd0a656c349cfc846942db52bec737eb) Importer(815301076,1909f56bfc062723c751e8b465ee728b)  -> (artifact id: '32bc73f7a5935adf01b3fb9254dfdc00') in 0.018336 seconds 
  Import took 0.026884 seconds .

========================================================================
Received Import Request.
  Time since last request: 3.001675 seconds.
  path: Assets/UI/Level UI.prefab
  artifactKey: Guid(bd0a656c349cfc846942db52bec737eb) Importer(815301076,1909f56bfc062723c751e8b465ee728b)
Start importing Assets/UI/Level UI.prefab using Guid(bd0a656c349cfc846942db52bec737eb) Importer(815301076,1909f56bfc062723c751e8b465ee728b)  -> (artifact id: '23969631c796468cf4883ce806282c5f') in 0.013312 seconds 
  Import took 0.021089 seconds .

========================================================================
Received Import Request.
  Time since last request: 51.959759 seconds.
  path: Assets/UI/Level UI.prefab
  artifactKey: Guid(bd0a656c349cfc846942db52bec737eb) Importer(815301076,1909f56bfc062723c751e8b465ee728b)
Start importing Assets/UI/Level UI.prefab using Guid(bd0a656c349cfc846942db52bec737eb) Importer(815301076,1909f56bfc062723c751e8b465ee728b)  -> (artifact id: '88990f7adf813001572d27890ce239d5') in 0.019827 seconds 
  Import took 0.027408 seconds .

========================================================================
Received Import Request.
  Time since last request: 2.406075 seconds.
  path: Assets/UI/Level UI.prefab
  artifactKey: Guid(bd0a656c349cfc846942db52bec737eb) Importer(815301076,1909f56bfc062723c751e8b465ee728b)
Start importing Assets/UI/Level UI.prefab using Guid(bd0a656c349cfc846942db52bec737eb) Importer(815301076,1909f56bfc062723c751e8b465ee728b)  -> (artifact id: '528152504cf45ef09c97cb4c83021f9e') in 0.019526 seconds 
  Import took 0.029725 seconds .

========================================================================
Received Import Request.
  Time since last request: 0.583369 seconds.
  path: Assets/UI/Level UI.prefab
  artifactKey: Guid(bd0a656c349cfc846942db52bec737eb) Importer(815301076,1909f56bfc062723c751e8b465ee728b)
Start importing Assets/UI/Level UI.prefab using Guid(bd0a656c349cfc846942db52bec737eb) Importer(815301076,1909f56bfc062723c751e8b465ee728b)  -> (artifact id: '66a837127dae1568e4435226876e8d9c') in 0.020035 seconds 
  Import took 0.028945 seconds .

========================================================================
Received Import Request.
  Time since last request: 2.780533 seconds.
  path: Assets/UI/Level UI.prefab
  artifactKey: Guid(bd0a656c349cfc846942db52bec737eb) Importer(815301076,1909f56bfc062723c751e8b465ee728b)
Start importing Assets/UI/Level UI.prefab using Guid(bd0a656c349cfc846942db52bec737eb) Importer(815301076,1909f56bfc062723c751e8b465ee728b)  -> (artifact id: 'adf51526536d99339275d0f7ffe8d39c') in 0.018198 seconds 
  Import took 0.025948 seconds .

========================================================================
Received Import Request.
  Time since last request: 21.218353 seconds.
  path: Assets/UI/Level UI.prefab
  artifactKey: Guid(bd0a656c349cfc846942db52bec737eb) Importer(815301076,1909f56bfc062723c751e8b465ee728b)
Start importing Assets/UI/Level UI.prefab using Guid(bd0a656c349cfc846942db52bec737eb) Importer(815301076,1909f56bfc062723c751e8b465ee728b)  -> (artifact id: 'b145d9c086ec0a88d0c01b2d799ab9e0') in 0.017868 seconds 
  Import took 0.026601 seconds .

========================================================================
Received Import Request.
  Time since last request: 6.081078 seconds.
  path: Assets/UI/Level UI.prefab
  artifactKey: Guid(bd0a656c349cfc846942db52bec737eb) Importer(815301076,1909f56bfc062723c751e8b465ee728b)
Start importing Assets/UI/Level UI.prefab using Guid(bd0a656c349cfc846942db52bec737eb) Importer(815301076,1909f56bfc062723c751e8b465ee728b)  -> (artifact id: 'a38a18ae39c4b92b940329f04ac32a61') in 0.016376 seconds 
  Import took 0.023579 seconds .

========================================================================
Received Import Request.
  Time since last request: 1.247027 seconds.
  path: Assets/UI/Level UI.prefab
  artifactKey: Guid(bd0a656c349cfc846942db52bec737eb) Importer(815301076,1909f56bfc062723c751e8b465ee728b)
Start importing Assets/UI/Level UI.prefab using Guid(bd0a656c349cfc846942db52bec737eb) Importer(815301076,1909f56bfc062723c751e8b465ee728b)  -> (artifact id: 'bba06646741bb653dc94a634ac904f17') in 0.019926 seconds 
  Import took 0.028265 seconds .

========================================================================
Received Import Request.
  Time since last request: 6.629331 seconds.
  path: Assets/UI/Level UI.prefab
  artifactKey: Guid(bd0a656c349cfc846942db52bec737eb) Importer(815301076,1909f56bfc062723c751e8b465ee728b)
Start importing Assets/UI/Level UI.prefab using Guid(bd0a656c349cfc846942db52bec737eb) Importer(815301076,1909f56bfc062723c751e8b465ee728b)  -> (artifact id: 'f6a8ebc486f6d8c6244e2c241ca496c6') in 0.019266 seconds 
  Import took 0.026476 seconds .

========================================================================
Received Import Request.
  Time since last request: 174.502158 seconds.
  path: Assets/UI/kill white.png
  artifactKey: Guid(6a341bf645d44f144a595262f01021a6) Importer(815301076,1909f56bfc062723c751e8b465ee728b)
Start importing Assets/UI/kill white.png using Guid(6a341bf645d44f144a595262f01021a6) Importer(815301076,1909f56bfc062723c751e8b465ee728b)  -> (artifact id: '05b4621600c86b2bb57abba0f443c4ca') in 0.088279 seconds 
  Import took 0.103757 seconds .

========================================================================
Received Import Request.
  Time since last request: 12.222283 seconds.
  path: Assets/UI/kill white.png
  artifactKey: Guid(6a341bf645d44f144a595262f01021a6) Importer(815301076,1909f56bfc062723c751e8b465ee728b)
Start importing Assets/UI/kill white.png using Guid(6a341bf645d44f144a595262f01021a6) Importer(815301076,1909f56bfc062723c751e8b465ee728b)  -> (artifact id: '82066b0da709471eaf85d476d1a18cf2') in 0.020950 seconds 
  Import took 0.026854 seconds .

========================================================================
Received Import Request.
  Time since last request: 13.108198 seconds.
  path: Assets/UI/Level UI.prefab
  artifactKey: Guid(bd0a656c349cfc846942db52bec737eb) Importer(815301076,1909f56bfc062723c751e8b465ee728b)
Start importing Assets/UI/Level UI.prefab using Guid(bd0a656c349cfc846942db52bec737eb) Importer(815301076,1909f56bfc062723c751e8b465ee728b)  -> (artifact id: '886942503d7a554df16bf1213495ebf4') in 0.016918 seconds 
  Import took 0.026701 seconds .

========================================================================
Received Import Request.
  Time since last request: 5.913852 seconds.
  path: Assets/UI/Level UI.prefab
  artifactKey: Guid(bd0a656c349cfc846942db52bec737eb) Importer(815301076,1909f56bfc062723c751e8b465ee728b)
Start importing Assets/UI/Level UI.prefab using Guid(bd0a656c349cfc846942db52bec737eb) Importer(815301076,1909f56bfc062723c751e8b465ee728b)  -> (artifact id: '0dcb3a406f01aecf102a07c056a5c520') in 0.019815 seconds 
  Import took 0.028990 seconds .

========================================================================
Received Import Request.
  Time since last request: 16.152125 seconds.
  path: Assets/UI/Level UI.prefab
  artifactKey: Guid(bd0a656c349cfc846942db52bec737eb) Importer(815301076,1909f56bfc062723c751e8b465ee728b)
Start importing Assets/UI/Level UI.prefab using Guid(bd0a656c349cfc846942db52bec737eb) Importer(815301076,1909f56bfc062723c751e8b465ee728b)  -> (artifact id: 'cde449d2209994854b94e437d4406d25') in 0.020649 seconds 
  Import took 0.030885 seconds .

========================================================================
Received Import Request.
  Time since last request: 1.186048 seconds.
  path: Assets/UI/Level UI.prefab
  artifactKey: Guid(bd0a656c349cfc846942db52bec737eb) Importer(815301076,1909f56bfc062723c751e8b465ee728b)
Start importing Assets/UI/Level UI.prefab using Guid(bd0a656c349cfc846942db52bec737eb) Importer(815301076,1909f56bfc062723c751e8b465ee728b)  -> (artifact id: '97c750b591724ffd1581b78dc73ce9bf') in 0.015814 seconds 
  Import took 0.022385 seconds .

========================================================================
Received Import Request.
  Time since last request: 6.443087 seconds.
  path: Assets/UI/Level UI.prefab
  artifactKey: Guid(bd0a656c349cfc846942db52bec737eb) Importer(815301076,1909f56bfc062723c751e8b465ee728b)
Start importing Assets/UI/Level UI.prefab using Guid(bd0a656c349cfc846942db52bec737eb) Importer(815301076,1909f56bfc062723c751e8b465ee728b)  -> (artifact id: '1897abd1d86a6b2b34c5c8433b6e050d') in 0.019521 seconds 
  Import took 0.028852 seconds .

========================================================================
Received Import Request.
  Time since last request: 72.800569 seconds.
  path: Assets/UI/Level UI.prefab
  artifactKey: Guid(bd0a656c349cfc846942db52bec737eb) Importer(815301076,1909f56bfc062723c751e8b465ee728b)
Start importing Assets/UI/Level UI.prefab using Guid(bd0a656c349cfc846942db52bec737eb) Importer(815301076,1909f56bfc062723c751e8b465ee728b)  -> (artifact id: 'abd7160d359c1601203936992270cac8') in 0.015933 seconds 
  Import took 0.025812 seconds .

========================================================================
Received Import Request.
  Time since last request: 2.609293 seconds.
  path: Assets/UI/Level UI.prefab
  artifactKey: Guid(bd0a656c349cfc846942db52bec737eb) Importer(815301076,1909f56bfc062723c751e8b465ee728b)
Start importing Assets/UI/Level UI.prefab using Guid(bd0a656c349cfc846942db52bec737eb) Importer(815301076,1909f56bfc062723c751e8b465ee728b)  -> (artifact id: '00c7dfdcd2465090716fe33fbc0b8c09') in 0.018290 seconds 
  Import took 0.029430 seconds .

========================================================================
Received Import Request.
  Time since last request: 22.348742 seconds.
  path: Assets/UI/Level UI.prefab
  artifactKey: Guid(bd0a656c349cfc846942db52bec737eb) Importer(815301076,1909f56bfc062723c751e8b465ee728b)
Start importing Assets/UI/Level UI.prefab using Guid(bd0a656c349cfc846942db52bec737eb) Importer(815301076,1909f56bfc062723c751e8b465ee728b)  -> (artifact id: '7ca42db09a86f3a8c64f1cf183186302') in 0.023268 seconds 
  Import took 0.030681 seconds .

========================================================================
Received Import Request.
  Time since last request: 1.980572 seconds.
  path: Assets/UI/Level UI.prefab
  artifactKey: Guid(bd0a656c349cfc846942db52bec737eb) Importer(815301076,1909f56bfc062723c751e8b465ee728b)
Start importing Assets/UI/Level UI.prefab using Guid(bd0a656c349cfc846942db52bec737eb) Importer(815301076,1909f56bfc062723c751e8b465ee728b)  -> (artifact id: 'b99d14b5faa6458fb298ee8abc8d29d2') in 0.017609 seconds 
  Import took 0.026619 seconds .

========================================================================
Received Import Request.
  Time since last request: 5.472150 seconds.
  path: Assets/UI/Level UI.prefab
  artifactKey: Guid(bd0a656c349cfc846942db52bec737eb) Importer(815301076,1909f56bfc062723c751e8b465ee728b)
Start importing Assets/UI/Level UI.prefab using Guid(bd0a656c349cfc846942db52bec737eb) Importer(815301076,1909f56bfc062723c751e8b465ee728b)  -> (artifact id: '2d31c2515d8cdd9512aa85b100b7e98d') in 0.018865 seconds 
  Import took 0.030368 seconds .

========================================================================
Received Import Request.
  Time since last request: 19.775244 seconds.
  path: Assets/UI/Level UI.prefab
  artifactKey: Guid(bd0a656c349cfc846942db52bec737eb) Importer(815301076,1909f56bfc062723c751e8b465ee728b)
Start importing Assets/UI/Level UI.prefab using Guid(bd0a656c349cfc846942db52bec737eb) Importer(815301076,1909f56bfc062723c751e8b465ee728b)  -> (artifact id: '1e51bd694a1774b9ab07a1a19519ba9a') in 0.018428 seconds 
  Import took 0.025491 seconds .

========================================================================
Received Import Request.
  Time since last request: 2.421268 seconds.
  path: Assets/UI/Level UI.prefab
  artifactKey: Guid(bd0a656c349cfc846942db52bec737eb) Importer(815301076,1909f56bfc062723c751e8b465ee728b)
Start importing Assets/UI/Level UI.prefab using Guid(bd0a656c349cfc846942db52bec737eb) Importer(815301076,1909f56bfc062723c751e8b465ee728b)  -> (artifact id: '1634c06eed26066d1e3be3ca8daff125') in 0.016026 seconds 
  Import took 0.025366 seconds .

========================================================================
Received Import Request.
  Time since last request: 4.835771 seconds.
  path: Assets/UI/Level UI.prefab
  artifactKey: Guid(bd0a656c349cfc846942db52bec737eb) Importer(815301076,1909f56bfc062723c751e8b465ee728b)
Start importing Assets/UI/Level UI.prefab using Guid(bd0a656c349cfc846942db52bec737eb) Importer(815301076,1909f56bfc062723c751e8b465ee728b)  -> (artifact id: '27e630a5f1283e758e32cf668006381d') in 0.016284 seconds 
  Import took 0.024962 seconds .

========================================================================
Received Import Request.
  Time since last request: 6.014027 seconds.
  path: Assets/UI/Level UI.prefab
  artifactKey: Guid(bd0a656c349cfc846942db52bec737eb) Importer(815301076,1909f56bfc062723c751e8b465ee728b)
Start importing Assets/UI/Level UI.prefab using Guid(bd0a656c349cfc846942db52bec737eb) Importer(815301076,1909f56bfc062723c751e8b465ee728b)  -> (artifact id: 'e42f5096bd73549cf62c7972af80bd5f') in 0.015456 seconds 
  Import took 0.022297 seconds .

========================================================================
Received Import Request.
  Time since last request: 10.689094 seconds.
  path: Assets/UI/Level UI.prefab
  artifactKey: Guid(bd0a656c349cfc846942db52bec737eb) Importer(815301076,1909f56bfc062723c751e8b465ee728b)
Start importing Assets/UI/Level UI.prefab using Guid(bd0a656c349cfc846942db52bec737eb) Importer(815301076,1909f56bfc062723c751e8b465ee728b)  -> (artifact id: 'f9410d7d736a1bfabea4f7c7a342f9eb') in 0.017950 seconds 
  Import took 0.027981 seconds .

========================================================================
Received Import Request.
  Time since last request: 18.725816 seconds.
  path: Assets/UI/Level UI.prefab
  artifactKey: Guid(bd0a656c349cfc846942db52bec737eb) Importer(815301076,1909f56bfc062723c751e8b465ee728b)
Start importing Assets/UI/Level UI.prefab using Guid(bd0a656c349cfc846942db52bec737eb) Importer(815301076,1909f56bfc062723c751e8b465ee728b)  -> (artifact id: 'aeb05e13e44e8f063d8b842f212ee00c') in 0.015984 seconds 
  Import took 0.026163 seconds .

========================================================================
Received Import Request.
  Time since last request: 20.826100 seconds.
  path: Assets/UI/Death.png
  artifactKey: Guid(6a341bf645d44f144a595262f01021a6) Importer(815301076,1909f56bfc062723c751e8b465ee728b)
Start importing Assets/UI/Death.png using Guid(6a341bf645d44f144a595262f01021a6) Importer(815301076,1909f56bfc062723c751e8b465ee728b)  -> (artifact id: '0fa78007a7d5be191069f7493e5347f2') in 0.027941 seconds 
  Import took 0.034664 seconds .

========================================================================
Received Import Request.
  Time since last request: 480.388955 seconds.
  path: Assets/UI/Reset.png
  artifactKey: Guid(cee3e3823487eee4e9f6d370c18b6952) Importer(815301076,1909f56bfc062723c751e8b465ee728b)
Start importing Assets/UI/Reset.png using Guid(cee3e3823487eee4e9f6d370c18b6952) Importer(815301076,1909f56bfc062723c751e8b465ee728b)  -> (artifact id: '640138e882f1f40b679e0a198a126a44') in 0.041696 seconds 
  Import took 0.068040 seconds .

========================================================================
Received Import Request.
  Time since last request: 6.305627 seconds.
  path: Assets/UI/Reset.png
  artifactKey: Guid(cee3e3823487eee4e9f6d370c18b6952) Importer(815301076,1909f56bfc062723c751e8b465ee728b)
Start importing Assets/UI/Reset.png using Guid(cee3e3823487eee4e9f6d370c18b6952) Importer(815301076,1909f56bfc062723c751e8b465ee728b)  -> (artifact id: '071951e364fa68ee7f15bd6ef50cdef4') in 0.023453 seconds 
  Import took 0.032862 seconds .

========================================================================
Received Import Request.
  Time since last request: 7.851310 seconds.
  path: Assets/UI/Level UI.prefab
  artifactKey: Guid(bd0a656c349cfc846942db52bec737eb) Importer(815301076,1909f56bfc062723c751e8b465ee728b)
Start importing Assets/UI/Level UI.prefab using Guid(bd0a656c349cfc846942db52bec737eb) Importer(815301076,1909f56bfc062723c751e8b465ee728b)  -> (artifact id: '248a44812458d2a894d5e0c11aa6b031') in 0.020166 seconds 
  Import took 0.027486 seconds .

========================================================================
Received Import Request.
  Time since last request: 6.837311 seconds.
  path: Assets/UI/Level UI.prefab
  artifactKey: Guid(bd0a656c349cfc846942db52bec737eb) Importer(815301076,1909f56bfc062723c751e8b465ee728b)
Start importing Assets/UI/Level UI.prefab using Guid(bd0a656c349cfc846942db52bec737eb) Importer(815301076,1909f56bfc062723c751e8b465ee728b)  -> (artifact id: 'd4e312a4a22b96b0fa8b77f62fe1a84f') in 0.016930 seconds 
  Import took 0.024553 seconds .

========================================================================
Received Import Request.
  Time since last request: 1.003780 seconds.
  path: Assets/UI/Reset.aseprite
  artifactKey: Guid(0af754797ed4e5d4799f81069404f450) Importer(815301076,1909f56bfc062723c751e8b465ee728b)
Start importing Assets/UI/Reset.aseprite using Guid(0af754797ed4e5d4799f81069404f450) Importer(815301076,1909f56bfc062723c751e8b465ee728b)  -> (artifact id: 'f47ea1138484e8e78048104dc64dce3a') in 0.014939 seconds 
  Import took 0.025085 seconds .

========================================================================
Received Import Request.
  Time since last request: 3.361648 seconds.
  path: Assets/UI/Restart.aseprite
  artifactKey: Guid(0af754797ed4e5d4799f81069404f450) Importer(815301076,1909f56bfc062723c751e8b465ee728b)
Start importing Assets/UI/Restart.aseprite using Guid(0af754797ed4e5d4799f81069404f450) Importer(815301076,1909f56bfc062723c751e8b465ee728b)  -> (artifact id: '3cf4c79079f63d007cc5fa11a6e61ee6') in 0.015085 seconds 
  Import took 0.021494 seconds .

========================================================================
Received Import Request.
  Time since last request: 8.136395 seconds.
  path: Assets/UI/Reset.aseprite
  artifactKey: Guid(1abee7d42ee7b104886459e0ce818a05) Importer(815301076,1909f56bfc062723c751e8b465ee728b)
Start importing Assets/UI/Reset.aseprite using Guid(1abee7d42ee7b104886459e0ce818a05) Importer(815301076,1909f56bfc062723c751e8b465ee728b)  -> (artifact id: '13b3d5c86f2d55a0cba7214083a609fc') in 0.011201 seconds 
  Import took 0.021914 seconds .

========================================================================
Received Import Request.
  Time since last request: 10.670889 seconds.
  path: Assets/UI/Restart.png
  artifactKey: Guid(cee3e3823487eee4e9f6d370c18b6952) Importer(815301076,1909f56bfc062723c751e8b465ee728b)
Start importing Assets/UI/Restart.png using Guid(cee3e3823487eee4e9f6d370c18b6952) Importer(815301076,1909f56bfc062723c751e8b465ee728b)  -> (artifact id: 'e1caa9061e8fefb57c71b20c2a43bbb0') in 0.022593 seconds 
  Import took 0.029587 seconds .

========================================================================
Received Import Request.
  Time since last request: 8.983193 seconds.
  path: Assets/UI/Level UI.prefab
  artifactKey: Guid(bd0a656c349cfc846942db52bec737eb) Importer(815301076,1909f56bfc062723c751e8b465ee728b)
Start importing Assets/UI/Level UI.prefab using Guid(bd0a656c349cfc846942db52bec737eb) Importer(815301076,1909f56bfc062723c751e8b465ee728b)  -> (artifact id: 'cf1d405ad7940ec11b23e7a6ff2700e3') in 0.016519 seconds 
  Import took 0.024537 seconds .

========================================================================
Received Import Request.
  Time since last request: 2.181185 seconds.
  path: Assets/UI/Level UI.prefab
  artifactKey: Guid(bd0a656c349cfc846942db52bec737eb) Importer(815301076,1909f56bfc062723c751e8b465ee728b)
Start importing Assets/UI/Level UI.prefab using Guid(bd0a656c349cfc846942db52bec737eb) Importer(815301076,1909f56bfc062723c751e8b465ee728b)  -> (artifact id: '1d135508933ea71c169bb5c666c6268a') in 0.016965 seconds 
  Import took 0.025366 seconds .

========================================================================
Received Import Request.
  Time since last request: 3.415211 seconds.
  path: Assets/UI/Level UI.prefab
  artifactKey: Guid(bd0a656c349cfc846942db52bec737eb) Importer(815301076,1909f56bfc062723c751e8b465ee728b)
Start importing Assets/UI/Level UI.prefab using Guid(bd0a656c349cfc846942db52bec737eb) Importer(815301076,1909f56bfc062723c751e8b465ee728b)  -> (artifact id: 'fd0d8ebee1ffa235059c9553c6c1dac7') in 0.020204 seconds 
  Import took 0.028136 seconds .

========================================================================
Received Import Request.
  Time since last request: 5.493228 seconds.
  path: Assets/UI/Level UI.prefab
  artifactKey: Guid(bd0a656c349cfc846942db52bec737eb) Importer(815301076,1909f56bfc062723c751e8b465ee728b)
Start importing Assets/UI/Level UI.prefab using Guid(bd0a656c349cfc846942db52bec737eb) Importer(815301076,1909f56bfc062723c751e8b465ee728b)  -> (artifact id: 'c2df90638b02048e5ee0acf785fefdca') in 0.015613 seconds 
  Import took 0.023940 seconds .

========================================================================
Received Import Request.
  Time since last request: 2.265309 seconds.
  path: Assets/UI/Level UI.prefab
  artifactKey: Guid(bd0a656c349cfc846942db52bec737eb) Importer(815301076,1909f56bfc062723c751e8b465ee728b)
Start importing Assets/UI/Level UI.prefab using Guid(bd0a656c349cfc846942db52bec737eb) Importer(815301076,1909f56bfc062723c751e8b465ee728b)  -> (artifact id: '4fce201b87282e720ee4db7b162ba539') in 0.016556 seconds 
  Import took 0.024192 seconds .

========================================================================
Received Import Request.
  Time since last request: 7.032852 seconds.
  path: Assets/UI/Level UI.prefab
  artifactKey: Guid(bd0a656c349cfc846942db52bec737eb) Importer(815301076,1909f56bfc062723c751e8b465ee728b)
Start importing Assets/UI/Level UI.prefab using Guid(bd0a656c349cfc846942db52bec737eb) Importer(815301076,1909f56bfc062723c751e8b465ee728b)  -> (artifact id: 'fa780dec1341f4fca617c2496e5f0448') in 0.019599 seconds 
  Import took 0.027596 seconds .

========================================================================
Received Import Request.
  Time since last request: 2.217944 seconds.
  path: Assets/UI/Level UI.prefab
  artifactKey: Guid(bd0a656c349cfc846942db52bec737eb) Importer(815301076,1909f56bfc062723c751e8b465ee728b)
Start importing Assets/UI/Level UI.prefab using Guid(bd0a656c349cfc846942db52bec737eb) Importer(815301076,1909f56bfc062723c751e8b465ee728b)  -> (artifact id: '22b115cd7e695358a87ded78b2516350') in 0.018711 seconds 
  Import took 0.027020 seconds .

========================================================================
Received Import Request.
  Time since last request: 7.679343 seconds.
  path: Assets/UI/Level UI.prefab
  artifactKey: Guid(bd0a656c349cfc846942db52bec737eb) Importer(815301076,1909f56bfc062723c751e8b465ee728b)
Start importing Assets/UI/Level UI.prefab using Guid(bd0a656c349cfc846942db52bec737eb) Importer(815301076,1909f56bfc062723c751e8b465ee728b)  -> (artifact id: 'f8580cbfcf9c1206106dd4c18d4bb663') in 0.011925 seconds 
  Import took 0.020006 seconds .

